15:20:18 INFO  : Launching XSDB server: xsdb -n /opt/Xilinx/SDK/2015.4/scripts/xsdb/xsdb/xsdb-server.tcl
15:20:31 INFO  : XSDB server has started successfully.
15:20:39 INFO  : Processing command line option -hwspec /root/ADS/UART_throughPS/UART_throughPS.sdk/design_1_wrapper.hdf.
15:21:45 ERROR : (XSDB Server)ERROR: [Hsi 55-1545] Problem running tcl command ::sw_standalone_v5_3::post_generate : mb-ar: error while loading shared libraries: libz.so.1: cannot open shared object file: No such file or directory
    while executing
"exec $archiver -d $libgloss_a _interrupt_handler.o"
    (procedure "::sw_standalone_v5_3::post_generate" line 18)
    invoked from within
"::sw_standalone_v5_3::post_generate standalone"

15:21:45 ERROR : (XSDB Server)ERROR: [Hsi 55-1443] Error(s) while running TCL procedure post_generate()

15:21:45 ERROR : (XSDB Server)ERROR: [Hsi 55-1450] Error: running generate_bsp.

15:21:46 ERROR : Error generating bsp sources: Failed in generating sources
15:22:49 ERROR : (XSDB Server)ERROR: [Hsi 55-1545] Problem running tcl command ::sw_standalone_v5_3::post_generate : mb-ar: error while loading shared libraries: libz.so.1: cannot open shared object file: No such file or directory
    while executing
"exec $archiver -d $libgloss_a _interrupt_handler.o"
    (procedure "::sw_standalone_v5_3::post_generate" line 18)
    invoked from within
"::sw_standalone_v5_3::post_generate standalone"

15:22:49 ERROR : (XSDB Server)ERROR: [Hsi 55-1443] Error(s) while running TCL procedure post_generate()

15:22:49 ERROR : (XSDB Server)ERROR: [Hsi 55-1450] Error: running generate_bsp.

15:22:49 ERROR : Error generating bsp sources: Failed in generating sources
15:22:55 ERROR : (XSDB Server)ERROR: [Hsi 55-1545] Problem running tcl command ::sw_standalone_v5_3::post_generate : mb-ar: error while loading shared libraries: libz.so.1: cannot open shared object file: No such file or directory
    while executing
"exec $archiver -d $libgloss_a _interrupt_handler.o"
    (procedure "::sw_standalone_v5_3::post_generate" line 18)
    invoked from within
"::sw_standalone_v5_3::post_generate standalone"

15:22:55 ERROR : (XSDB Server)ERROR: [Hsi 55-1443] Error(s) while running TCL procedure post_generate()

15:22:55 ERROR : (XSDB Server)ERROR: [Hsi 55-1450] Error: running generate_bsp.

15:22:55 ERROR : Error generating bsp sources: Failed in generating sources
